<?xml version="1.0" encoding="UTF-8"?>
<!-- Generated by org.testng.reporters.JUnitXMLReporter -->
<testsuite ignored="0" hostname="LAPTOP-HAN9NHLH" failures="0" tests="4" name="Default test" time="50.268" errors="0" timestamp="2024-06-05T11:12:56 IST">
  <testcase classname="Testpkg.Yaamitestpkg" name="url" time="0.02"/>
  <testcase classname="Testpkg.Yaamitestpkg" name="link" time="4.801"/>
  <testcase classname="Testpkg.Yaamitestpkg" name="screenShot" time="0.541"/>
  <testcase classname="Testpkg.Yaamitestpkg" name="test" time="16.786"/>
</testsuite> <!-- Default test -->
