<?xml version="1.0" encoding="UTF-8"?>
<testng-results ignored="0" total="4" passed="4" failed="0" skipped="0">
  <reporter-output>
  </reporter-output>
  <suite started-at="2024-06-05T11:12:06 IST" name="Default suite" finished-at="2024-06-05T11:12:56 IST" duration-ms="50268">
    <groups>
    </groups>
    <test started-at="2024-06-05T11:12:06 IST" name="Default test" finished-at="2024-06-05T11:12:56 IST" duration-ms="50268">
      <class name="Testpkg.Yaamitestpkg">
        <test-method is-config="true" signature="setUp()[pri:0, instance:Testpkg.Yaamitestpkg@3e27aa33]" started-at="2024-06-05T11:12:06 IST" name="setUp" finished-at="2024-06-05T11:12:34 IST" duration-ms="28003" status="PASS">
          <reporter-output>
          </reporter-output>
        </test-method> <!-- setUp -->
        <test-method signature="url()[pri:1, instance:Testpkg.Yaamitestpkg@3e27aa33]" started-at="2024-06-05T11:12:34 IST" name="url" finished-at="2024-06-05T11:12:34 IST" duration-ms="20" status="PASS">
          <reporter-output>
          </reporter-output>
        </test-method> <!-- url -->
        <test-method signature="link()[pri:2, instance:Testpkg.Yaamitestpkg@3e27aa33]" started-at="2024-06-05T11:12:34 IST" name="link" finished-at="2024-06-05T11:12:39 IST" duration-ms="4801" status="PASS">
          <reporter-output>
          </reporter-output>
        </test-method> <!-- link -->
        <test-method signature="screenShot()[pri:3, instance:Testpkg.Yaamitestpkg@3e27aa33]" started-at="2024-06-05T11:12:39 IST" name="screenShot" finished-at="2024-06-05T11:12:39 IST" duration-ms="541" status="PASS">
          <reporter-output>
          </reporter-output>
        </test-method> <!-- screenShot -->
        <test-method signature="test()[pri:4, instance:Testpkg.Yaamitestpkg@3e27aa33]" started-at="2024-06-05T11:12:39 IST" name="test" finished-at="2024-06-05T11:12:56 IST" duration-ms="16786" status="PASS">
          <reporter-output>
          </reporter-output>
        </test-method> <!-- test -->
      </class> <!-- Testpkg.Yaamitestpkg -->
    </test> <!-- Default test -->
  </suite> <!-- Default suite -->
</testng-results>
